d:\projects\sempiternalsystem\sempiternalsystem\debug\vc142.pdb
d:\projects\sempiternalsystem\sempiternalsystem\debug\vc142.idb
d:\projects\sempiternalsystem\sempiternalsystem\debug\typeparser.obj
d:\projects\sempiternalsystem\sempiternalsystem\debug\main.obj
d:\projects\sempiternalsystem\sempiternalsystem\debug\welkinexception.obj
d:\projects\sempiternalsystem\sempiternalsystem\debug\eventregistry.obj
d:\projects\sempiternalsystem\sempiternalsystem\debug\configuration.obj
d:\projects\sempiternalsystem\sempiternalsystem\debug\welkinevents.obj
d:\projects\sempiternalsystem\sempiternalsystem\debug\welkinobject.obj
d:\projects\sempiternalsystem\sempiternalsystem\debug\welkinvision.obj
d:\projects\sempiternalsystem\sempiternalsystem\debug\welkinnetwork.obj
d:\projects\sempiternalsystem\sempiternalsystem\debug\welkinmanager.obj
d:\projects\sempiternalsystem\sempiternalsystem\debug\timelib.obj
d:\projects\sempiternalsystem\sempiternalsystem\debug\threadlib.obj
d:\projects\sempiternalsystem\debug\sempiternalsystem.exe
d:\projects\sempiternalsystem\debug\sempiternalsystem.ilk
d:\projects\sempiternalsystem\debug\sempiternalsystem.pdb
d:\projects\sempiternalsystem\sempiternalsystem\debug\nativecodeanalysis.read.1.tlog
d:\projects\sempiternalsystem\sempiternalsystem\debug\main.nativecodeanalysis.xml
d:\projects\sempiternalsystem\sempiternalsystem\debug\vc.nativecodeanalysis.all.xml
d:\projects\sempiternalsystem\sempiternalsystem\debug\sempiter.5ba8173b.tlog\cl.command.1.tlog
d:\projects\sempiternalsystem\sempiternalsystem\debug\sempiter.5ba8173b.tlog\cl.read.1.tlog
d:\projects\sempiternalsystem\sempiternalsystem\debug\sempiter.5ba8173b.tlog\cl.write.1.tlog
d:\projects\sempiternalsystem\sempiternalsystem\debug\sempiter.5ba8173b.tlog\link.command.1.tlog
d:\projects\sempiternalsystem\sempiternalsystem\debug\sempiter.5ba8173b.tlog\link.read.1.tlog
d:\projects\sempiternalsystem\sempiternalsystem\debug\sempiter.5ba8173b.tlog\link.write.1.tlog
